[INFO ] 2017-08-21 12:34:09.214 [http-nio-8080-exec-154] LogFilter - Request  IP 0:0:0:0:0:0:0:1 - resourse: GET http://localhost:8080/devteam/user/login is requested by: 0:0:0:0:0:0:0:1
[INFO ] 2017-08-21 12:34:22.641 [http-nio-8080-exec-151] LogFilter - Request  IP 0:0:0:0:0:0:0:1 - resourse: POST http://localhost:8080/devteam/user/login is requested by: 0:0:0:0:0:0:0:1
[INFO ] 2017-08-21 12:34:35.586 [http-nio-8080-exec-153] LogFilter - Request  IP 0:0:0:0:0:0:0:1 - resourse: POST http://localhost:8080/devteam/user/login is requested by: 0:0:0:0:0:0:0:1
[INFO ] 2017-08-21 12:34:35.808 [http-nio-8080-exec-153] UserServiceImpl - User {}. Incorrect password
[INFO ] 2017-08-21 12:34:48.146 [http-nio-8080-exec-161] LogFilter - Request  IP 0:0:0:0:0:0:0:1 - resourse: POST http://localhost:8080/devteam/user/login is requested by: 0:0:0:0:0:0:0:1
[INFO ] 2017-08-21 12:34:48.274 [http-nio-8080-exec-150] LogFilter - Request  IP 0:0:0:0:0:0:0:1 - resourse: GET http://localhost:8080/devteam/order/new_list is requested by: 0:0:0:0:0:0:0:1
[INFO ] 2017-08-21 12:34:59.312 [http-nio-8080-exec-159] LogFilter - Request  IP 0:0:0:0:0:0:0:1 - resourse: GET http://localhost:8080/devteam/project/list is requested by: 0:0:0:0:0:0:0:1
[INFO ] 2017-08-21 12:34:59.931 [http-nio-8080-exec-154] LogFilter - Request  IP 0:0:0:0:0:0:0:1 - resourse: GET http://localhost:8080/devteam/user/logout is requested by: 0:0:0:0:0:0:0:1
[INFO ] 2017-08-21 12:34:59.939 [http-nio-8080-exec-163] LogFilter - Request  IP 0:0:0:0:0:0:0:1 - resourse: GET http://localhost:8080/devteam/user/login is requested by: 0:0:0:0:0:0:0:1
[INFO ] 2017-08-21 12:35:06.380 [http-nio-8080-exec-164] LogFilter - Request  IP 0:0:0:0:0:0:0:1 - resourse: POST http://localhost:8080/devteam/user/login is requested by: 0:0:0:0:0:0:0:1
[INFO ] 2017-08-21 12:35:06.498 [http-nio-8080-exec-158] LogFilter - Request  IP 0:0:0:0:0:0:0:1 - resourse: GET http://localhost:8080/devteam/order/new_list is requested by: 0:0:0:0:0:0:0:1
[INFO ] 2017-08-21 12:35:12.741 [http-nio-8080-exec-165] LogFilter - Request  IP 0:0:0:0:0:0:0:1 - resourse: GET http://localhost:8080/devteam/project/list is requested by: 0:0:0:0:0:0:0:1
[INFO ] 2017-08-21 12:35:13.884 [http-nio-8080-exec-162] LogFilter - Request  IP 0:0:0:0:0:0:0:1 - resourse: GET http://localhost:8080/devteam/user/logout is requested by: 0:0:0:0:0:0:0:1
[INFO ] 2017-08-21 12:35:13.891 [http-nio-8080-exec-166] LogFilter - Request  IP 0:0:0:0:0:0:0:1 - resourse: GET http://localhost:8080/devteam/user/login is requested by: 0:0:0:0:0:0:0:1
[INFO ] 2017-08-21 12:35:33.510 [http-nio-8080-exec-164] LogFilter - Request  IP 0:0:0:0:0:0:0:1 - resourse: GET http://localhost:8080/devteam/user/login is requested by: 0:0:0:0:0:0:0:1
[INFO ] 2017-08-21 12:35:44.278 [http-nio-8080-exec-161] LogFilter - Request  IP 0:0:0:0:0:0:0:1 - resourse: POST http://localhost:8080/devteam/user/login is requested by: 0:0:0:0:0:0:0:1
[INFO ] 2017-08-21 12:35:44.484 [http-nio-8080-exec-150] LogFilter - Request  IP 0:0:0:0:0:0:0:1 - resourse: GET http://localhost:8080/devteam/order/new_list is requested by: 0:0:0:0:0:0:0:1
[INFO ] 2017-08-21 12:35:53.942 [http-nio-8080-exec-166] LogFilter - Request  IP 0:0:0:0:0:0:0:1 - resourse: GET http://localhost:8080/devteam/project/list is requested by: 0:0:0:0:0:0:0:1
[INFO ] 2017-08-21 16:55:36.743 [http-nio-8080-exec-4] LogFilter - Request  IP 0:0:0:0:0:0:0:1 - resourse: GET http://localhost:8080/devteam/user/login is requested by: 0:0:0:0:0:0:0:1
[INFO ] 2017-08-21 16:55:45.691 [http-nio-8080-exec-10] LogFilter - Request  IP 0:0:0:0:0:0:0:1 - resourse: POST http://localhost:8080/devteam/user/login is requested by: 0:0:0:0:0:0:0:1
[INFO ] 2017-08-21 16:55:46.152 [http-nio-8080-exec-2] LogFilter - Request  IP 0:0:0:0:0:0:0:1 - resourse: GET http://localhost:8080/devteam/order/new_list is requested by: 0:0:0:0:0:0:0:1
[INFO ] 2017-08-21 16:55:49.562 [http-nio-8080-exec-5] LogFilter - Request  IP 0:0:0:0:0:0:0:1 - resourse: GET http://localhost:8080/devteam/user/logout is requested by: 0:0:0:0:0:0:0:1
[INFO ] 2017-08-21 16:55:49.569 [http-nio-8080-exec-11] LogFilter - Request  IP 0:0:0:0:0:0:0:1 - resourse: GET http://localhost:8080/devteam/user/login is requested by: 0:0:0:0:0:0:0:1
[INFO ] 2017-08-21 16:55:57.920 [http-nio-8080-exec-13] LogFilter - Request  IP 0:0:0:0:0:0:0:1 - resourse: POST http://localhost:8080/devteam/user/login is requested by: 0:0:0:0:0:0:0:1
[INFO ] 2017-08-21 16:55:58.043 [http-nio-8080-exec-3] LogFilter - Request  IP 0:0:0:0:0:0:0:1 - resourse: GET http://localhost:8080/devteam/order/list is requested by: 0:0:0:0:0:0:0:1
[INFO ] 2017-08-21 16:56:02.133 [http-nio-8080-exec-14] LogFilter - Request  IP 0:0:0:0:0:0:0:1 - resourse: GET http://localhost:8080/devteam/order/add is requested by: 0:0:0:0:0:0:0:1
[INFO ] 2017-08-21 16:59:47.651 [http-nio-8080-exec-15] LogFilter - Request  IP 0:0:0:0:0:0:0:1 - resourse: GET http://localhost:8080/devteam/order/add is requested by: 0:0:0:0:0:0:0:1
[INFO ] 2017-08-21 17:00:57.372 [http-nio-8080-exec-16] LogFilter - Request  IP 0:0:0:0:0:0:0:1 - resourse: GET http://localhost:8080/devteam/order/add is requested by: 0:0:0:0:0:0:0:1
[INFO ] 2017-08-21 17:01:00.211 [http-nio-8080-exec-12] LogFilter - Request  IP 0:0:0:0:0:0:0:1 - resourse: GET http://localhost:8080/devteam/order/add is requested by: 0:0:0:0:0:0:0:1
[INFO ] 2017-08-21 17:01:00.238 [http-nio-8080-exec-12] ACLFilter - Request  IP 0:0:0:0:0:0:0:1 - resourse: http://localhost:8080/devteam/order/ is requested by: 0:0:0:0:0:0:0:1 Permission denied
[INFO ] 2017-08-21 17:01:00.247 [http-nio-8080-exec-19] LogFilter - Request  IP 0:0:0:0:0:0:0:1 - resourse: GET http://localhost:8080/devteam/user/login is requested by: 0:0:0:0:0:0:0:1
[INFO ] 2017-08-21 17:01:07.314 [http-nio-8080-exec-17] LogFilter - Request  IP 0:0:0:0:0:0:0:1 - resourse: POST http://localhost:8080/devteam/user/login is requested by: 0:0:0:0:0:0:0:1
[INFO ] 2017-08-21 17:01:07.526 [http-nio-8080-exec-14] LogFilter - Request  IP 0:0:0:0:0:0:0:1 - resourse: GET http://localhost:8080/devteam/order/list is requested by: 0:0:0:0:0:0:0:1
[INFO ] 2017-08-21 17:01:10.044 [http-nio-8080-exec-16] LogFilter - Request  IP 0:0:0:0:0:0:0:1 - resourse: GET http://localhost:8080/devteam/order/add is requested by: 0:0:0:0:0:0:0:1
[INFO ] 2017-08-21 17:02:05.513 [http-nio-8080-exec-26] LogFilter - Request  IP 0:0:0:0:0:0:0:1 - resourse: GET http://localhost:8080/devteam/order/add is requested by: 0:0:0:0:0:0:0:1
[INFO ] 2017-08-21 17:02:05.543 [http-nio-8080-exec-26] ACLFilter - Request  IP 0:0:0:0:0:0:0:1 - resourse: http://localhost:8080/devteam/order/ is requested by: 0:0:0:0:0:0:0:1 Permission denied
[INFO ] 2017-08-21 17:02:05.549 [http-nio-8080-exec-25] LogFilter - Request  IP 0:0:0:0:0:0:0:1 - resourse: GET http://localhost:8080/devteam/user/login is requested by: 0:0:0:0:0:0:0:1
[INFO ] 2017-08-21 17:02:12.953 [http-nio-8080-exec-22] LogFilter - Request  IP 0:0:0:0:0:0:0:1 - resourse: POST http://localhost:8080/devteam/user/login is requested by: 0:0:0:0:0:0:0:1
[INFO ] 2017-08-21 17:02:13.159 [http-nio-8080-exec-11] LogFilter - Request  IP 0:0:0:0:0:0:0:1 - resourse: GET http://localhost:8080/devteam/order/list is requested by: 0:0:0:0:0:0:0:1
[INFO ] 2017-08-21 17:02:14.629 [http-nio-8080-exec-14] LogFilter - Request  IP 0:0:0:0:0:0:0:1 - resourse: GET http://localhost:8080/devteam/order/add is requested by: 0:0:0:0:0:0:0:1
[INFO ] 2017-08-21 17:17:57.953 [http-nio-8080-exec-33] LogFilter - Request  IP 0:0:0:0:0:0:0:1 - resourse: GET http://localhost:8080/devteam/order/add is requested by: 0:0:0:0:0:0:0:1
[INFO ] 2017-08-21 17:17:57.982 [http-nio-8080-exec-33] ACLFilter - Request  IP 0:0:0:0:0:0:0:1 - resourse: http://localhost:8080/devteam/order/ is requested by: 0:0:0:0:0:0:0:1 Permission denied
[INFO ] 2017-08-21 17:17:57.989 [http-nio-8080-exec-32] LogFilter - Request  IP 0:0:0:0:0:0:0:1 - resourse: GET http://localhost:8080/devteam/user/login is requested by: 0:0:0:0:0:0:0:1
[INFO ] 2017-08-21 17:18:05.245 [http-nio-8080-exec-28] LogFilter - Request  IP 0:0:0:0:0:0:0:1 - resourse: POST http://localhost:8080/devteam/user/login is requested by: 0:0:0:0:0:0:0:1
[INFO ] 2017-08-21 17:18:05.479 [http-nio-8080-exec-37] LogFilter - Request  IP 0:0:0:0:0:0:0:1 - resourse: GET http://localhost:8080/devteam/order/list is requested by: 0:0:0:0:0:0:0:1
[INFO ] 2017-08-21 17:18:07.479 [http-nio-8080-exec-32] LogFilter - Request  IP 0:0:0:0:0:0:0:1 - resourse: GET http://localhost:8080/devteam/order/add is requested by: 0:0:0:0:0:0:0:1
[INFO ] 2017-08-21 17:53:14.974 [http-nio-8080-exec-39] LogFilter - Request  IP 0:0:0:0:0:0:0:1 - resourse: GET http://localhost:8080/devteam/order/add is requested by: 0:0:0:0:0:0:0:1
[INFO ] 2017-08-21 17:53:14.976 [http-nio-8080-exec-39] ACLFilter - Request  IP 0:0:0:0:0:0:0:1 - resourse: http://localhost:8080/devteam/order/ is requested by: 0:0:0:0:0:0:0:1 Permission denied
[INFO ] 2017-08-21 17:53:14.984 [http-nio-8080-exec-40] LogFilter - Request  IP 0:0:0:0:0:0:0:1 - resourse: GET http://localhost:8080/devteam/user/login is requested by: 0:0:0:0:0:0:0:1
[INFO ] 2017-08-21 17:53:25.483 [http-nio-8080-exec-46] LogFilter - Request  IP 0:0:0:0:0:0:0:1 - resourse: POST http://localhost:8080/devteam/user/login is requested by: 0:0:0:0:0:0:0:1
[INFO ] 2017-08-21 17:53:27.902 [http-nio-8080-exec-41] LogFilter - Request  IP 0:0:0:0:0:0:0:1 - resourse: POST http://localhost:8080/devteam/user/login is requested by: 0:0:0:0:0:0:0:1
[INFO ] 2017-08-21 17:53:28.154 [http-nio-8080-exec-45] LogFilter - Request  IP 0:0:0:0:0:0:0:1 - resourse: GET http://localhost:8080/devteam/order/list is requested by: 0:0:0:0:0:0:0:1
[INFO ] 2017-08-21 17:53:35.736 [http-nio-8080-exec-38] LogFilter - Request  IP 0:0:0:0:0:0:0:1 - resourse: GET http://localhost:8080/devteam/order/add is requested by: 0:0:0:0:0:0:0:1
[INFO ] 2017-08-21 17:55:11.141 [http-nio-8080-exec-47] LogFilter - Request  IP 0:0:0:0:0:0:0:1 - resourse: GET http://localhost:8080/devteam/order/add is requested by: 0:0:0:0:0:0:0:1
[INFO ] 2017-08-21 17:55:14.382 [http-nio-8080-exec-47] LogFilter - Request  IP 0:0:0:0:0:0:0:1 - resourse: GET http://localhost:8080/devteam/order/add is requested by: 0:0:0:0:0:0:0:1
[INFO ] 2017-08-21 17:55:14.410 [http-nio-8080-exec-47] ACLFilter - Request  IP 0:0:0:0:0:0:0:1 - resourse: http://localhost:8080/devteam/order/ is requested by: 0:0:0:0:0:0:0:1 Permission denied
[INFO ] 2017-08-21 17:55:14.418 [http-nio-8080-exec-44] LogFilter - Request  IP 0:0:0:0:0:0:0:1 - resourse: GET http://localhost:8080/devteam/user/login is requested by: 0:0:0:0:0:0:0:1
[INFO ] 2017-08-21 17:55:30.800 [http-nio-8080-exec-49] LogFilter - Request  IP 0:0:0:0:0:0:0:1 - resourse: POST http://localhost:8080/devteam/user/login is requested by: 0:0:0:0:0:0:0:1
[INFO ] 2017-08-21 17:55:31.007 [http-nio-8080-exec-40] LogFilter - Request  IP 0:0:0:0:0:0:0:1 - resourse: GET http://localhost:8080/devteam/order/list is requested by: 0:0:0:0:0:0:0:1
[INFO ] 2017-08-21 17:55:37.571 [http-nio-8080-exec-53] LogFilter - Request  IP 0:0:0:0:0:0:0:1 - resourse: GET http://localhost:8080/devteam/order/add is requested by: 0:0:0:0:0:0:0:1
[INFO ] 2017-08-21 17:56:44.647 [http-nio-8080-exec-57] LogFilter - Request  IP 0:0:0:0:0:0:0:1 - resourse: GET http://localhost:8080/devteam/order/add is requested by: 0:0:0:0:0:0:0:1
[INFO ] 2017-08-21 17:56:44.678 [http-nio-8080-exec-57] ACLFilter - Request  IP 0:0:0:0:0:0:0:1 - resourse: http://localhost:8080/devteam/order/ is requested by: 0:0:0:0:0:0:0:1 Permission denied
[INFO ] 2017-08-21 17:56:44.685 [http-nio-8080-exec-60] LogFilter - Request  IP 0:0:0:0:0:0:0:1 - resourse: GET http://localhost:8080/devteam/user/login is requested by: 0:0:0:0:0:0:0:1
[INFO ] 2017-08-21 17:56:52.059 [http-nio-8080-exec-52] LogFilter - Request  IP 0:0:0:0:0:0:0:1 - resourse: POST http://localhost:8080/devteam/user/login is requested by: 0:0:0:0:0:0:0:1
[INFO ] 2017-08-21 17:56:52.264 [http-nio-8080-exec-58] LogFilter - Request  IP 0:0:0:0:0:0:0:1 - resourse: GET http://localhost:8080/devteam/order/list is requested by: 0:0:0:0:0:0:0:1
[INFO ] 2017-08-21 17:56:54.379 [http-nio-8080-exec-56] LogFilter - Request  IP 0:0:0:0:0:0:0:1 - resourse: GET http://localhost:8080/devteam/order/add is requested by: 0:0:0:0:0:0:0:1
[INFO ] 2017-08-21 17:57:00.793 [http-nio-8080-exec-59] LogFilter - Request  IP 0:0:0:0:0:0:0:1 - resourse: POST http://localhost:8080/devteam/order/add is requested by: 0:0:0:0:0:0:0:1
[INFO ] 2017-08-21 17:57:00.799 [http-nio-8080-exec-59] SCRFValidationFilter - Request  IP 0:0:0:0:0:0:0:1 - resourse: POST http://localhost:8080/devteam/order/add is requested by: 0:0:0:0:0:0:0:1 . Invalid SCRF token
[INFO ] 2017-08-21 17:57:46.844 [http-nio-8080-exec-62] LogFilter - Request  IP 0:0:0:0:0:0:0:1 - resourse: POST http://localhost:8080/devteam/order/add is requested by: 0:0:0:0:0:0:0:1
[INFO ] 2017-08-21 17:57:46.845 [http-nio-8080-exec-62] SCRFValidationFilter - Request  IP 0:0:0:0:0:0:0:1 - resourse: POST http://localhost:8080/devteam/order/add is requested by: 0:0:0:0:0:0:0:1 . Invalid SCRF token
[INFO ] 2017-08-21 17:57:47.637 [http-nio-8080-exec-58] LogFilter - Request  IP 0:0:0:0:0:0:0:1 - resourse: POST http://localhost:8080/devteam/order/add is requested by: 0:0:0:0:0:0:0:1
[INFO ] 2017-08-21 17:57:47.638 [http-nio-8080-exec-58] SCRFValidationFilter - Request  IP 0:0:0:0:0:0:0:1 - resourse: POST http://localhost:8080/devteam/order/add is requested by: 0:0:0:0:0:0:0:1 . Invalid SCRF token
[INFO ] 2017-08-21 17:57:48.620 [http-nio-8080-exec-50] LogFilter - Request  IP 0:0:0:0:0:0:0:1 - resourse: POST http://localhost:8080/devteam/order/add is requested by: 0:0:0:0:0:0:0:1
[INFO ] 2017-08-21 17:57:48.621 [http-nio-8080-exec-50] SCRFValidationFilter - Request  IP 0:0:0:0:0:0:0:1 - resourse: POST http://localhost:8080/devteam/order/add is requested by: 0:0:0:0:0:0:0:1 . Invalid SCRF token
[INFO ] 2017-08-21 17:57:49.341 [http-nio-8080-exec-61] LogFilter - Request  IP 0:0:0:0:0:0:0:1 - resourse: POST http://localhost:8080/devteam/order/add is requested by: 0:0:0:0:0:0:0:1
[INFO ] 2017-08-21 17:57:49.341 [http-nio-8080-exec-61] SCRFValidationFilter - Request  IP 0:0:0:0:0:0:0:1 - resourse: POST http://localhost:8080/devteam/order/add is requested by: 0:0:0:0:0:0:0:1 . Invalid SCRF token
[INFO ] 2017-08-21 17:57:50.169 [http-nio-8080-exec-63] LogFilter - Request  IP 0:0:0:0:0:0:0:1 - resourse: POST http://localhost:8080/devteam/order/add is requested by: 0:0:0:0:0:0:0:1
[INFO ] 2017-08-21 17:57:50.169 [http-nio-8080-exec-63] SCRFValidationFilter - Request  IP 0:0:0:0:0:0:0:1 - resourse: POST http://localhost:8080/devteam/order/add is requested by: 0:0:0:0:0:0:0:1 . Invalid SCRF token
[INFO ] 2017-08-21 17:57:50.981 [http-nio-8080-exec-56] LogFilter - Request  IP 0:0:0:0:0:0:0:1 - resourse: POST http://localhost:8080/devteam/order/add is requested by: 0:0:0:0:0:0:0:1
[INFO ] 2017-08-21 17:57:50.982 [http-nio-8080-exec-56] SCRFValidationFilter - Request  IP 0:0:0:0:0:0:0:1 - resourse: POST http://localhost:8080/devteam/order/add is requested by: 0:0:0:0:0:0:0:1 . Invalid SCRF token
[INFO ] 2017-08-21 17:57:53.153 [http-nio-8080-exec-68] LogFilter - Request  IP 0:0:0:0:0:0:0:1 - resourse: POST http://localhost:8080/devteam/order/add is requested by: 0:0:0:0:0:0:0:1
[INFO ] 2017-08-21 17:57:54.873 [http-nio-8080-exec-63] LogFilter - Request  IP 0:0:0:0:0:0:0:1 - resourse: POST http://localhost:8080/devteam/order/add is requested by: 0:0:0:0:0:0:0:1
[INFO ] 2017-08-21 17:57:54.894 [http-nio-8080-exec-63] ACLFilter - Request  IP 0:0:0:0:0:0:0:1 - resourse: http://localhost:8080/devteam/order/ is requested by: 0:0:0:0:0:0:0:1 Permission denied
[INFO ] 2017-08-21 17:57:54.903 [http-nio-8080-exec-62] LogFilter - Request  IP 0:0:0:0:0:0:0:1 - resourse: GET http://localhost:8080/devteam/user/login is requested by: 0:0:0:0:0:0:0:1
[INFO ] 2017-08-21 17:58:02.394 [http-nio-8080-exec-67] LogFilter - Request  IP 0:0:0:0:0:0:0:1 - resourse: POST http://localhost:8080/devteam/user/login is requested by: 0:0:0:0:0:0:0:1
[INFO ] 2017-08-21 17:58:02.592 [http-nio-8080-exec-66] LogFilter - Request  IP 0:0:0:0:0:0:0:1 - resourse: GET http://localhost:8080/devteam/order/list is requested by: 0:0:0:0:0:0:0:1
[INFO ] 2017-08-21 17:58:04.102 [http-nio-8080-exec-65] LogFilter - Request  IP 0:0:0:0:0:0:0:1 - resourse: GET http://localhost:8080/devteam/order/add is requested by: 0:0:0:0:0:0:0:1
[INFO ] 2017-08-21 18:01:32.628 [http-nio-8080-exec-73] LogFilter - Request  IP 0:0:0:0:0:0:0:1 - resourse: GET http://localhost:8080/devteam/order/add is requested by: 0:0:0:0:0:0:0:1
[INFO ] 2017-08-21 18:01:32.650 [http-nio-8080-exec-73] ACLFilter - Request  IP 0:0:0:0:0:0:0:1 - resourse: http://localhost:8080/devteam/order/ is requested by: 0:0:0:0:0:0:0:1 Permission denied
[INFO ] 2017-08-21 18:01:32.658 [http-nio-8080-exec-76] LogFilter - Request  IP 0:0:0:0:0:0:0:1 - resourse: GET http://localhost:8080/devteam/user/login is requested by: 0:0:0:0:0:0:0:1
[INFO ] 2017-08-21 18:01:44.338 [http-nio-8080-exec-71] LogFilter - Request  IP 0:0:0:0:0:0:0:1 - resourse: POST http://localhost:8080/devteam/user/login is requested by: 0:0:0:0:0:0:0:1
[INFO ] 2017-08-21 18:01:44.543 [http-nio-8080-exec-74] LogFilter - Request  IP 0:0:0:0:0:0:0:1 - resourse: GET http://localhost:8080/devteam/order/list is requested by: 0:0:0:0:0:0:0:1
[INFO ] 2017-08-21 18:01:46.414 [http-nio-8080-exec-70] LogFilter - Request  IP 0:0:0:0:0:0:0:1 - resourse: GET http://localhost:8080/devteam/order/add is requested by: 0:0:0:0:0:0:0:1
[INFO ] 2017-08-21 18:04:45.466 [http-nio-8080-exec-86] LogFilter - Request  IP 0:0:0:0:0:0:0:1 - resourse: GET http://localhost:8080/devteam/order/add is requested by: 0:0:0:0:0:0:0:1
[INFO ] 2017-08-21 18:04:45.497 [http-nio-8080-exec-86] ACLFilter - Request  IP 0:0:0:0:0:0:0:1 - resourse: http://localhost:8080/devteam/order/ is requested by: 0:0:0:0:0:0:0:1 Permission denied
[INFO ] 2017-08-21 18:04:45.503 [http-nio-8080-exec-81] LogFilter - Request  IP 0:0:0:0:0:0:0:1 - resourse: GET http://localhost:8080/devteam/user/login is requested by: 0:0:0:0:0:0:0:1
[INFO ] 2017-08-21 18:04:57.779 [http-nio-8080-exec-81] LogFilter - Request  IP 0:0:0:0:0:0:0:1 - resourse: POST http://localhost:8080/devteam/user/login is requested by: 0:0:0:0:0:0:0:1
[INFO ] 2017-08-21 18:04:57.975 [http-nio-8080-exec-83] LogFilter - Request  IP 0:0:0:0:0:0:0:1 - resourse: GET http://localhost:8080/devteam/order/list is requested by: 0:0:0:0:0:0:0:1
[INFO ] 2017-08-21 18:05:03.273 [http-nio-8080-exec-79] LogFilter - Request  IP 0:0:0:0:0:0:0:1 - resourse: GET http://localhost:8080/devteam/order/add is requested by: 0:0:0:0:0:0:0:1
