[INFO ] 2017-08-12 15:56:56.747 [http-nio-8080-exec-1] SessionLogListener - Session with id = 0106F7516AB449C5577BFA1C271D373D is started
[INFO ] 2017-08-12 15:56:58.652 [http-nio-8080-exec-4] LogFilter - Request  IP 0:0:0:0:0:0:0:1 - resourse: GET http://localhost:8080/devteam/user/login is requested by: 0:0:0:0:0:0:0:1
[INFO ] 2017-08-12 15:57:55.525 [http-nio-8080-exec-5] LogFilter - Request  IP 0:0:0:0:0:0:0:1 - resourse: POST http://localhost:8080/devteam/user/login is requested by: 0:0:0:0:0:0:0:1
[ERROR] 2017-08-12 15:57:57.741 [http-nio-8080-exec-5] UserServiceImpl - sql: error: cannot get connection from pool
by.htp.devteam.dao.DaoException: sql: error: cannot get connection from pool
	at by.htp.devteam.dao.util.ConnectionPool.getConnection(ConnectionPool.java:54) ~[classes/:?]
	at by.htp.devteam.dao.impl.UserDaoImpl.fetchByCredentials(UserDaoImpl.java:38) ~[classes/:?]
	at by.htp.devteam.service.impl.UserServiceImpl.authorise(UserServiceImpl.java:55) [classes/:?]
	at by.htp.devteam.controller.module.impl.UserControllerImpl.loginPOST(UserControllerImpl.java:129) [classes/:?]
	at sun.reflect.NativeMethodAccessorImpl.invoke0(Native Method) ~[?:1.8.0_60]
	at sun.reflect.NativeMethodAccessorImpl.invoke(NativeMethodAccessorImpl.java:62) ~[?:1.8.0_60]
	at sun.reflect.DelegatingMethodAccessorImpl.invoke(DelegatingMethodAccessorImpl.java:43) ~[?:1.8.0_60]
	at java.lang.reflect.Method.invoke(Method.java:497) ~[?:1.8.0_60]
	at by.htp.devteam.controller.main.Runner.run(Runner.java:44) [classes/:?]
	at by.htp.devteam.controller.main.MainServlet.processRequest(MainServlet.java:59) [classes/:?]
	at by.htp.devteam.controller.main.MainServlet.doPost(MainServlet.java:48) [classes/:?]
	at javax.servlet.http.HttpServlet.service(HttpServlet.java:661) [servlet-api.jar:?]
	at javax.servlet.http.HttpServlet.service(HttpServlet.java:742) [servlet-api.jar:?]
	at org.apache.catalina.core.ApplicationFilterChain.internalDoFilter(ApplicationFilterChain.java:231) [catalina.jar:9.0.0.M20]
	at org.apache.catalina.core.ApplicationFilterChain.doFilter(ApplicationFilterChain.java:166) [catalina.jar:9.0.0.M20]
	at by.htp.devteam.filter.ACLFilter.doFilter(ACLFilter.java:76) [classes/:?]
	at org.apache.catalina.core.ApplicationFilterChain.internalDoFilter(ApplicationFilterChain.java:193) [catalina.jar:9.0.0.M20]
	at org.apache.catalina.core.ApplicationFilterChain.doFilter(ApplicationFilterChain.java:166) [catalina.jar:9.0.0.M20]
	at org.apache.tomcat.websocket.server.WsFilter.doFilter(WsFilter.java:53) [tomcat-websocket.jar:9.0.0.M20]
	at org.apache.catalina.core.ApplicationFilterChain.internalDoFilter(ApplicationFilterChain.java:193) [catalina.jar:9.0.0.M20]
	at org.apache.catalina.core.ApplicationFilterChain.doFilter(ApplicationFilterChain.java:166) [catalina.jar:9.0.0.M20]
	at org.apache.logging.log4j.web.Log4jServletFilter.doFilter(Log4jServletFilter.java:64) [log4j-web-2.8.2.jar:2.8.2]
	at org.apache.catalina.core.ApplicationFilterChain.internalDoFilter(ApplicationFilterChain.java:193) [catalina.jar:9.0.0.M20]
	at org.apache.catalina.core.ApplicationFilterChain.doFilter(ApplicationFilterChain.java:166) [catalina.jar:9.0.0.M20]
	at org.apache.catalina.core.ApplicationDispatcher.invoke(ApplicationDispatcher.java:710) [catalina.jar:9.0.0.M20]
	at org.apache.catalina.core.ApplicationDispatcher.processRequest(ApplicationDispatcher.java:459) [catalina.jar:9.0.0.M20]
	at org.apache.catalina.core.ApplicationDispatcher.doForward(ApplicationDispatcher.java:384) [catalina.jar:9.0.0.M20]
	at org.apache.catalina.core.ApplicationDispatcher.forward(ApplicationDispatcher.java:312) [catalina.jar:9.0.0.M20]
	at by.htp.devteam.filter.RouterFilter.doFilter(RouterFilter.java:45) [classes/:?]
	at org.apache.catalina.core.ApplicationFilterChain.internalDoFilter(ApplicationFilterChain.java:193) [catalina.jar:9.0.0.M20]
	at org.apache.catalina.core.ApplicationFilterChain.doFilter(ApplicationFilterChain.java:166) [catalina.jar:9.0.0.M20]
	at by.htp.devteam.filter.SCRFGenerateTokenFilter.doFilter(SCRFGenerateTokenFilter.java:55) [classes/:?]
	at org.apache.catalina.core.ApplicationFilterChain.internalDoFilter(ApplicationFilterChain.java:193) [catalina.jar:9.0.0.M20]
	at org.apache.catalina.core.ApplicationFilterChain.doFilter(ApplicationFilterChain.java:166) [catalina.jar:9.0.0.M20]
	at by.htp.devteam.filter.SCRFValidationFilter.doFilter(SCRFValidationFilter.java:54) [classes/:?]
	at org.apache.catalina.core.ApplicationFilterChain.internalDoFilter(ApplicationFilterChain.java:193) [catalina.jar:9.0.0.M20]
	at org.apache.catalina.core.ApplicationFilterChain.doFilter(ApplicationFilterChain.java:166) [catalina.jar:9.0.0.M20]
	at by.htp.devteam.filter.EncodingFilter.doFilter(EncodingFilter.java:36) [classes/:?]
	at org.apache.catalina.core.ApplicationFilterChain.internalDoFilter(ApplicationFilterChain.java:193) [catalina.jar:9.0.0.M20]
	at org.apache.catalina.core.ApplicationFilterChain.doFilter(ApplicationFilterChain.java:166) [catalina.jar:9.0.0.M20]
	at by.htp.devteam.filter.LogFilter.doFilter(LogFilter.java:46) [classes/:?]
	at org.apache.catalina.core.ApplicationFilterChain.internalDoFilter(ApplicationFilterChain.java:193) [catalina.jar:9.0.0.M20]
	at org.apache.catalina.core.ApplicationFilterChain.doFilter(ApplicationFilterChain.java:166) [catalina.jar:9.0.0.M20]
	at org.apache.tomcat.websocket.server.WsFilter.doFilter(WsFilter.java:53) [tomcat-websocket.jar:9.0.0.M20]
	at org.apache.catalina.core.ApplicationFilterChain.internalDoFilter(ApplicationFilterChain.java:193) [catalina.jar:9.0.0.M20]
	at org.apache.catalina.core.ApplicationFilterChain.doFilter(ApplicationFilterChain.java:166) [catalina.jar:9.0.0.M20]
	at org.apache.logging.log4j.web.Log4jServletFilter.doFilter(Log4jServletFilter.java:71) [log4j-web-2.8.2.jar:2.8.2]
	at org.apache.catalina.core.ApplicationFilterChain.internalDoFilter(ApplicationFilterChain.java:193) [catalina.jar:9.0.0.M20]
	at org.apache.catalina.core.ApplicationFilterChain.doFilter(ApplicationFilterChain.java:166) [catalina.jar:9.0.0.M20]
	at org.apache.catalina.core.StandardWrapperValve.invoke(StandardWrapperValve.java:199) [catalina.jar:9.0.0.M20]
	at org.apache.catalina.core.StandardContextValve.invoke(StandardContextValve.java:96) [catalina.jar:9.0.0.M20]
	at org.apache.catalina.authenticator.AuthenticatorBase.invoke(AuthenticatorBase.java:475) [catalina.jar:9.0.0.M20]
	at org.apache.catalina.core.StandardHostValve.invoke(StandardHostValve.java:140) [catalina.jar:9.0.0.M20]
	at org.apache.catalina.valves.ErrorReportValve.invoke(ErrorReportValve.java:80) [catalina.jar:9.0.0.M20]
	at org.apache.catalina.valves.AbstractAccessLogValve.invoke(AbstractAccessLogValve.java:624) [catalina.jar:9.0.0.M20]
	at org.apache.catalina.core.StandardEngineValve.invoke(StandardEngineValve.java:87) [catalina.jar:9.0.0.M20]
	at org.apache.catalina.connector.CoyoteAdapter.service(CoyoteAdapter.java:342) [catalina.jar:9.0.0.M20]
	at org.apache.coyote.http11.Http11Processor.service(Http11Processor.java:498) [tomcat-coyote.jar:9.0.0.M20]
	at org.apache.coyote.AbstractProcessorLight.process(AbstractProcessorLight.java:66) [tomcat-coyote.jar:9.0.0.M20]
	at org.apache.coyote.AbstractProtocol$ConnectionHandler.process(AbstractProtocol.java:796) [tomcat-coyote.jar:9.0.0.M20]
	at org.apache.tomcat.util.net.NioEndpoint$SocketProcessor.doRun(NioEndpoint.java:1368) [tomcat-coyote.jar:9.0.0.M20]
	at org.apache.tomcat.util.net.SocketProcessorBase.run(SocketProcessorBase.java:49) [tomcat-coyote.jar:9.0.0.M20]
	at java.util.concurrent.ThreadPoolExecutor.runWorker(ThreadPoolExecutor.java:1142) [?:1.8.0_60]
	at java.util.concurrent.ThreadPoolExecutor$Worker.run(ThreadPoolExecutor.java:617) [?:1.8.0_60]
	at org.apache.tomcat.util.threads.TaskThread$WrappingRunnable.run(TaskThread.java:61) [tomcat-util.jar:9.0.0.M20]
	at java.lang.Thread.run(Thread.java:745) [?:1.8.0_60]
[INFO ] 2017-08-12 15:58:45.724 [http-nio-8080-exec-7] LogFilter - Request  IP 0:0:0:0:0:0:0:1 - resourse: POST http://localhost:8080/devteam/user/login is requested by: 0:0:0:0:0:0:0:1
[INFO ] 2017-08-12 15:58:45.887 [http-nio-8080-exec-7] CustomerDaoImpl - Customer id=2 not found 
[INFO ] 2017-08-12 15:58:45.903 [http-nio-8080-exec-8] LogFilter - Request  IP 0:0:0:0:0:0:0:1 - resourse: GET http://localhost:8080/devteam/order/new_list is requested by: 0:0:0:0:0:0:0:1
[INFO ] 2017-08-12 16:45:31.849 [ContainerBackgroundProcessor[StandardEngine[Catalina]]] SessionLogListener - Session with id = 0106F7516AB449C5577BFA1C271D373D is finished
[INFO ] 2017-08-12 16:46:00.047 [http-nio-8080-exec-5] LogFilter - Request  IP 0:0:0:0:0:0:0:1 - resourse: GET http://localhost:8080/devteam/order/new_list is requested by: 0:0:0:0:0:0:0:1
[INFO ] 2017-08-12 16:46:00.066 [http-nio-8080-exec-5] ACLFilter - Request  IP 0:0:0:0:0:0:0:1 - resourse: http://localhost:8080/devteam/order/ is requested by: 0:0:0:0:0:0:0:1 Permission denied
[INFO ] 2017-08-12 16:46:00.073 [http-nio-8080-exec-10] LogFilter - Request  IP 0:0:0:0:0:0:0:1 - resourse: GET http://localhost:8080/devteam/user/login is requested by: 0:0:0:0:0:0:0:1
[INFO ] 2017-08-12 16:46:00.388 [http-nio-8080-exec-10] SessionLogListener - Session with id = 4AD2E2DFE1C24A5CAEFCB7FA25F208C9 is started
[INFO ] 2017-08-12 16:46:06.867 [http-nio-8080-exec-2] LogFilter - Request  IP 0:0:0:0:0:0:0:1 - resourse: GET http://localhost:8080/devteam/user/login is requested by: 0:0:0:0:0:0:0:1
[INFO ] 2017-08-12 16:46:18.628 [http-nio-8080-exec-1] LogFilter - Request  IP 0:0:0:0:0:0:0:1 - resourse: POST http://localhost:8080/devteam/user/login is requested by: 0:0:0:0:0:0:0:1
[INFO ] 2017-08-12 16:46:18.707 [http-nio-8080-exec-1] CustomerDaoImpl - Customer id=2 not found 
[INFO ] 2017-08-12 16:46:18.721 [http-nio-8080-exec-9] LogFilter - Request  IP 0:0:0:0:0:0:0:1 - resourse: GET http://localhost:8080/devteam/order/new_list is requested by: 0:0:0:0:0:0:0:1
[INFO ] 2017-08-12 16:46:20.900 [http-nio-8080-exec-11] LogFilter - Request  IP 0:0:0:0:0:0:0:1 - resourse: GET http://localhost:8080/devteam/order/view/order_id/84 is requested by: 0:0:0:0:0:0:0:1
[INFO ] 2017-08-12 16:49:31.290 [http-nio-8080-exec-13] LogFilter - Request  IP 0:0:0:0:0:0:0:1 - resourse: GET http://localhost:8080/devteam/order/view/order_id/84 is requested by: 0:0:0:0:0:0:0:1
[INFO ] 2017-08-12 16:49:32.245 [http-nio-8080-exec-14] LogFilter - Request  IP 0:0:0:0:0:0:0:1 - resourse: GET http://localhost:8080/devteam/order/view/order_id/84 is requested by: 0:0:0:0:0:0:0:1
[INFO ] 2017-08-12 16:49:32.883 [http-nio-8080-exec-15] LogFilter - Request  IP 0:0:0:0:0:0:0:1 - resourse: GET http://localhost:8080/devteam/order/view/order_id/84 is requested by: 0:0:0:0:0:0:0:1
[INFO ] 2017-08-12 16:49:34.002 [http-nio-8080-exec-17] LogFilter - Request  IP 0:0:0:0:0:0:0:1 - resourse: GET http://localhost:8080/devteam/project/list is requested by: 0:0:0:0:0:0:0:1
[INFO ] 2017-08-12 16:50:38.661 [http-nio-8080-exec-1] LogFilter - Request  IP 0:0:0:0:0:0:0:1 - resourse: GET http://localhost:8080/devteam/project/list is requested by: 0:0:0:0:0:0:0:1
[INFO ] 2017-08-12 16:50:38.706 [http-nio-8080-exec-1] ACLFilter - Request  IP 0:0:0:0:0:0:0:1 - resourse: http://localhost:8080/devteam/project/ is requested by: 0:0:0:0:0:0:0:1 Permission denied
[INFO ] 2017-08-12 16:50:38.721 [http-nio-8080-exec-3] LogFilter - Request  IP 0:0:0:0:0:0:0:1 - resourse: GET http://localhost:8080/devteam/user/login is requested by: 0:0:0:0:0:0:0:1
[INFO ] 2017-08-12 16:50:58.939 [http-nio-8080-exec-4] LogFilter - Request  IP 0:0:0:0:0:0:0:1 - resourse: GET http://localhost:8080/devteam/user/login is requested by: 0:0:0:0:0:0:0:1
[INFO ] 2017-08-12 16:51:19.532 [http-nio-8080-exec-9] LogFilter - Request  IP 0:0:0:0:0:0:0:1 - resourse: POST http://localhost:8080/devteam/user/login is requested by: 0:0:0:0:0:0:0:1
[INFO ] 2017-08-12 16:51:19.957 [http-nio-8080-exec-9] CustomerDaoImpl - Customer id=2 not found 
[INFO ] 2017-08-12 16:51:19.984 [http-nio-8080-exec-9] LogFilter - Request  IP 0:0:0:0:0:0:0:1 - resourse: GET http://localhost:8080/devteam/order/new_list is requested by: 0:0:0:0:0:0:0:1
[INFO ] 2017-08-12 16:51:23.744 [http-nio-8080-exec-10] LogFilter - Request  IP 0:0:0:0:0:0:0:1 - resourse: GET http://localhost:8080/devteam/user/view is requested by: 0:0:0:0:0:0:0:1
[INFO ] 2017-08-12 16:51:24.871 [http-nio-8080-exec-1] LogFilter - Request  IP 0:0:0:0:0:0:0:1 - resourse: GET http://localhost:8080/devteam/user/view is requested by: 0:0:0:0:0:0:0:1
[INFO ] 2017-08-12 16:51:25.344 [http-nio-8080-exec-3] LogFilter - Request  IP 0:0:0:0:0:0:0:1 - resourse: GET http://localhost:8080/devteam/user/view is requested by: 0:0:0:0:0:0:0:1
[INFO ] 2017-08-12 16:51:58.581 [http-nio-8080-exec-4] LogFilter - Request  IP 0:0:0:0:0:0:0:1 - resourse: GET http://localhost:8080/devteam/user/view is requested by: 0:0:0:0:0:0:0:1
[INFO ] 2017-08-12 16:52:00.272 [http-nio-8080-exec-6] LogFilter - Request  IP 0:0:0:0:0:0:0:1 - resourse: GET http://localhost:8080/devteam/project/list is requested by: 0:0:0:0:0:0:0:1
[INFO ] 2017-08-12 16:52:03.093 [http-nio-8080-exec-8] LogFilter - Request  IP 0:0:0:0:0:0:0:1 - resourse: GET http://localhost:8080/devteam/project/view/project_id/10 is requested by: 0:0:0:0:0:0:0:1
[INFO ] 2017-08-12 16:52:05.584 [http-nio-8080-exec-7] LogFilter - Request  IP 0:0:0:0:0:0:0:1 - resourse: GET http://localhost:8080/devteam/user/logout is requested by: 0:0:0:0:0:0:0:1
[INFO ] 2017-08-12 16:52:05.589 [http-nio-8080-exec-7] SessionLogListener - Session with id = 4AD2E2DFE1C24A5CAEFCB7FA25F208C9 is finished
[INFO ] 2017-08-12 16:52:05.597 [http-nio-8080-exec-9] LogFilter - Request  IP 0:0:0:0:0:0:0:1 - resourse: GET http://localhost:8080/devteam/user/login is requested by: 0:0:0:0:0:0:0:1
[INFO ] 2017-08-12 16:52:05.605 [http-nio-8080-exec-9] SessionLogListener - Session with id = 14B7813EE6E52B3AC93A42E9321CF6D1 is started
